[debug] [2022-12-03T15:48:45.044Z] ----------------------------------------------------------------------
[debug] [2022-12-03T15:48:45.045Z] Command:       C:\Program Files\nodejs\node.exe C:\Users\jeann\AppData\Roaming\npm\node_modules\firebase-tools\lib\bin\firebase.js deploy
[debug] [2022-12-03T15:48:45.046Z] CLI Version:   11.16.1
[debug] [2022-12-03T15:48:45.046Z] Platform:      win32
[debug] [2022-12-03T15:48:45.046Z] Node Version:  v16.13.2
[debug] [2022-12-03T15:48:45.050Z] Time:          Sat Dec 03 2022 16:48:45 GMT+0100 (heure normale d’Europe centrale)
[debug] [2022-12-03T15:48:45.051Z] ----------------------------------------------------------------------
[debug] 
[debug] [2022-12-03T15:48:45.120Z] > command requires scopes: ["email","openid","https://www.googleapis.com/auth/cloudplatformprojects.readonly","https://www.googleapis.com/auth/firebase","https://www.googleapis.com/auth/cloud-platform"]
[debug] [2022-12-03T15:48:45.120Z] > authorizing via signed-in user (jeannet.julie@gmail.com)
[debug] [2022-12-03T15:48:45.120Z] [iam] checking project chat-app-react-b81aa for permissions ["firebase.projects.get","firebasehosting.sites.update"]
[debug] [2022-12-03T15:48:45.122Z] >>> [apiv2][query] POST https://cloudresourcemanager.googleapis.com/v1/projects/chat-app-react-b81aa:testIamPermissions [none]
[debug] [2022-12-03T15:48:45.122Z] >>> [apiv2][(partial)header] POST https://cloudresourcemanager.googleapis.com/v1/projects/chat-app-react-b81aa:testIamPermissions x-goog-quota-user=projects/chat-app-react-b81aa
[debug] [2022-12-03T15:48:45.123Z] >>> [apiv2][body] POST https://cloudresourcemanager.googleapis.com/v1/projects/chat-app-react-b81aa:testIamPermissions {"permissions":["firebase.projects.get","firebasehosting.sites.update"]}
[debug] [2022-12-03T15:48:45.971Z] <<< [apiv2][status] POST https://cloudresourcemanager.googleapis.com/v1/projects/chat-app-react-b81aa:testIamPermissions 200
[debug] [2022-12-03T15:48:45.971Z] <<< [apiv2][body] POST https://cloudresourcemanager.googleapis.com/v1/projects/chat-app-react-b81aa:testIamPermissions {"permissions":["firebase.projects.get","firebasehosting.sites.update"]}
[debug] [2022-12-03T15:48:45.973Z] >>> [apiv2][query] GET https://firebase.googleapis.com/v1beta1/projects/chat-app-react-b81aa [none]
[debug] [2022-12-03T15:48:46.407Z] <<< [apiv2][status] GET https://firebase.googleapis.com/v1beta1/projects/chat-app-react-b81aa 200
[debug] [2022-12-03T15:48:46.407Z] <<< [apiv2][body] GET https://firebase.googleapis.com/v1beta1/projects/chat-app-react-b81aa {"projectId":"chat-app-react-b81aa","projectNumber":"245096791355","displayName":"chat-app-react","name":"projects/chat-app-react-b81aa","resources":{"hostingSite":"chat-app-react-b81aa"},"state":"ACTIVE","etag":"1_b3333fbf-759f-4ce5-9a9a-b95642fae83f"}
[info] 
[info] === Deploying to 'chat-app-react-b81aa'...
[info] 
[info] i  deploying hosting 
[debug] [2022-12-03T15:48:46.412Z] >>> [apiv2][query] POST https://firebasehosting.googleapis.com/v1beta1/projects/-/sites/chat-app-react-b81aa/versions [none]
[debug] [2022-12-03T15:48:46.413Z] >>> [apiv2][body] POST https://firebasehosting.googleapis.com/v1beta1/projects/-/sites/chat-app-react-b81aa/versions {"status":"CREATED","labels":{"deployment-tool":"cli-firebase"}}
[debug] [2022-12-03T15:48:47.656Z] <<< [apiv2][status] POST https://firebasehosting.googleapis.com/v1beta1/projects/-/sites/chat-app-react-b81aa/versions 200
[debug] [2022-12-03T15:48:47.656Z] <<< [apiv2][body] POST https://firebasehosting.googleapis.com/v1beta1/projects/-/sites/chat-app-react-b81aa/versions {"name":"projects/245096791355/sites/chat-app-react-b81aa/versions/688c75b15e2e90da","status":"CREATED","config":{},"labels":{"deployment-tool":"cli-firebase"}}
[info] i  hosting[chat-app-react-b81aa]: beginning deploy... 
[debug] [2022-12-03T15:48:47.744Z] Error: EPERM: operation not permitted, scandir 'C:/wamp/www/chat-app-react/build/index.html'
    at Object.readdirSync (node:fs:1390:3)
    at GlobSync._readdir (C:\Users\jeann\AppData\Roaming\npm\node_modules\firebase-tools\node_modules\glob\sync.js:285:46)
    at GlobSync._readdirInGlobStar (C:\Users\jeann\AppData\Roaming\npm\node_modules\firebase-tools\node_modules\glob\sync.js:242:17)
    at GlobSync._readdir (C:\Users\jeann\AppData\Roaming\npm\node_modules\firebase-tools\node_modules\glob\sync.js:273:17)
    at GlobSync._processReaddir (C:\Users\jeann\AppData\Roaming\npm\node_modules\firebase-tools\node_modules\glob\sync.js:134:22)
    at GlobSync._process (C:\Users\jeann\AppData\Roaming\npm\node_modules\firebase-tools\node_modules\glob\sync.js:129:10)
    at GlobSync._processGlobStar (C:\Users\jeann\AppData\Roaming\npm\node_modules\firebase-tools\node_modules\glob\sync.js:377:10)
    at GlobSync._process (C:\Users\jeann\AppData\Roaming\npm\node_modules\firebase-tools\node_modules\glob\sync.js:127:10)
    at new GlobSync (C:\Users\jeann\AppData\Roaming\npm\node_modules\firebase-tools\node_modules\glob\sync.js:45:10)
    at globSync (C:\Users\jeann\AppData\Roaming\npm\node_modules\firebase-tools\node_modules\glob\sync.js:23:10)
    at listFiles (C:\Users\jeann\AppData\Roaming\npm\node_modules\firebase-tools\lib\listFiles.js:6:28)
    at runDeploys (C:\Users\jeann\AppData\Roaming\npm\node_modules\firebase-tools\lib\deploy\hosting\deploy.js:44:49)
    at deploy (C:\Users\jeann\AppData\Roaming\npm\node_modules\firebase-tools\lib\deploy\hosting\deploy.js:89:12)
    at chain (C:\Users\jeann\AppData\Roaming\npm\node_modules\firebase-tools\lib\deploy\index.js:35:15)
    at deploy (C:\Users\jeann\AppData\Roaming\npm\node_modules\firebase-tools\lib\deploy\index.js:80:11)
    at processTicksAndRejections (node:internal/process/task_queues:96:5)
[error] 
[error] Error: An unexpected error has occurred.
